# JRE version: Java(TM) SE Runtime Environment (15.0+36) (build 15+36-1562)
# Java VM: Java HotSpot(TM) 64-Bit Server VM (15+36-1562, mixed mode, sharing, tiered, compressed oops, g1 gc, windows-amd64)
GC Precious Log:
 CPUs: 12 total, 12 available
 Memory: 65263M
 Large Page Support: Disabled
 NUMA Support: Disabled
 Compressed Oops: Enabled (Zero based)
 Heap Region Size: 8M
 Heap Min Capacity: 8M
 Heap Initial Capacity: 1G
 Heap Max Capacity: 16320M
 Pre-touch: Disabled
 Parallel Workers: 10
 Concurrent Workers: 3
 Concurrent Refinement Workers: 10
 Periodic GC: Disabled
Heap:
 garbage-first heap   total 1048576K, used 125525K [0x0000000080000000, 0x000000047c000000)
  region size 8192K, 17 young (139264K), 1 survivors (8192K)
 Metaspace       used 4543K, capacity 5535K, committed 5632K, reserved 1056768K
  class space    used 445K, capacity 499K, committed 512K, reserved 1048576K
GC Heap History (12 events):
Event: 65.409 GC heap before
{Heap before GC invocations=0 (full 0):
 garbage-first heap   total 1048576K, used 49152K [0x0000000080000000, 0x000000047c000000)
  region size 8192K, 6 young (49152K), 0 survivors (0K)
 Metaspace       used 4508K, capacity 5471K, committed 5632K, reserved 1056768K
  class space    used 443K, capacity 499K, committed 512K, reserved 1048576K
}
Event: 65.414 GC heap after
{Heap after GC invocations=1 (full 0):
 garbage-first heap   total 1048576K, used 2496K [0x0000000080000000, 0x000000047c000000)
  region size 8192K, 1 young (8192K), 1 survivors (8192K)
 Metaspace       used 4508K, capacity 5471K, committed 5632K, reserved 1056768K
  class space    used 443K, capacity 499K, committed 512K, reserved 1048576K
}
Event: 68.392 GC heap before
{Heap before GC invocations=1 (full 0):
 garbage-first heap   total 1048576K, used 51648K [0x0000000080000000, 0x000000047c000000)
  region size 8192K, 7 young (57344K), 1 survivors (8192K)
 Metaspace       used 4508K, capacity 5471K, committed 5632K, reserved 1056768K
  class space    used 443K, capacity 499K, committed 512K, reserved 1048576K
}
Event: 68.395 GC heap after
{Heap after GC invocations=2 (full 0):
 garbage-first heap   total 1048576K, used 2625K [0x0000000080000000, 0x000000047c000000)
  region size 8192K, 1 young (8192K), 1 survivors (8192K)
 Metaspace       used 4508K, capacity 5471K, committed 5632K, reserved 1056768K
  class space    used 443K, capacity 499K, committed 512K, reserved 1048576K
}
Event: 70.371 GC heap before
{Heap before GC invocations=2 (full 0):
 garbage-first heap   total 1048576K, used 109121K [0x0000000080000000, 0x000000047c000000)
  region size 8192K, 14 young (114688K), 1 survivors (8192K)
 Metaspace       used 4508K, capacity 5471K, committed 5632K, reserved 1056768K
  class space    used 443K, capacity 499K, committed 512K, reserved 1048576K
}
Event: 70.375 GC heap after
{Heap after GC invocations=3 (full 0):
 garbage-first heap   total 1048576K, used 2679K [0x0000000080000000, 0x000000047c000000)
  region size 8192K, 1 young (8192K), 1 survivors (8192K)
 Metaspace       used 4508K, capacity 5471K, committed 5632K, reserved 1056768K
  class space    used 443K, capacity 499K, committed 512K, reserved 1048576K
}
Event: 81.901 GC heap before
{Heap before GC invocations=3 (full 0):
 garbage-first heap   total 1048576K, used 617079K [0x0000000080000000, 0x000000047c000000)
  region size 8192K, 76 young (622592K), 1 survivors (8192K)
 Metaspace       used 4508K, capacity 5471K, committed 5632K, reserved 1056768K
  class space    used 443K, capacity 499K, committed 512K, reserved 1048576K
}
Event: 81.905 GC heap after
{Heap after GC invocations=4 (full 0):
 garbage-first heap   total 1048576K, used 2624K [0x0000000080000000, 0x000000047c000000)
  region size 8192K, 1 young (8192K), 1 survivors (8192K)
 Metaspace       used 4508K, capacity 5471K, committed 5632K, reserved 1056768K
  class space    used 443K, capacity 499K, committed 512K, reserved 1048576K
}
Event: 93.102 GC heap before
{Heap before GC invocations=4 (full 0):
 garbage-first heap   total 1048576K, used 617024K [0x0000000080000000, 0x000000047c000000)
  region size 8192K, 76 young (622592K), 1 survivors (8192K)
 Metaspace       used 4508K, capacity 5471K, committed 5632K, reserved 1056768K
  class space    used 443K, capacity 499K, committed 512K, reserved 1048576K
}
Event: 93.106 GC heap after
{Heap after GC invocations=5 (full 0):
 garbage-first heap   total 1048576K, used 2720K [0x0000000080000000, 0x000000047c000000)
  region size 8192K, 1 young (8192K), 1 survivors (8192K)
 Metaspace       used 4508K, capacity 5471K, committed 5632K, reserved 1056768K
  class space    used 443K, capacity 499K, committed 512K, reserved 1048576K
}
Event: 105.113 GC heap before
{Heap before GC invocations=5 (full 0):
 garbage-first heap   total 1048576K, used 617120K [0x0000000080000000, 0x000000047c000000)
  region size 8192K, 76 young (622592K), 1 survivors (8192K)
 Metaspace       used 4508K, capacity 5471K, committed 5632K, reserved 1056768K
  class space    used 443K, capacity 499K, committed 512K, reserved 1048576K
}
Event: 105.117 GC heap after
{Heap after GC invocations=6 (full 0):
 garbage-first heap   total 1048576K, used 2645K [0x0000000080000000, 0x000000047c000000)
  region size 8192K, 1 young (8192K), 1 survivors (8192K)
 Metaspace       used 4508K, capacity 5471K, committed 5632K, reserved 1056768K
  class space    used 443K, capacity 499K, committed 512K, reserved 1048576K
}

